<?xml version="1.0" encoding="UTF-8"?>
<!-- Generated by org.testng.reporters.JUnitReportReporter -->
<testsuite hostname="AARYA" failures="0" tests="2" name="Test.DemoExecution" time="15.004" errors="0" timestamp="2022-08-30T13:59:53 IST" skipped="0">
  <testcase classname="Test.DemoExecution" name="TestImdb" time="11.488"/>
  <system-out/>
  <testcase classname="Test.DemoExecution" name="TestWiki" time="3.516"/>
  <system-out/>
</testsuite> <!-- Test.DemoExecution -->
