<?xml version="1.0" encoding="UTF-8"?>
<!-- Generated by org.testng.reporters.JUnitReportReporter -->
<testsuite hostname="AARYA" failures="0" tests="1" name="Test.Execution" time="14.950" errors="0" timestamp="2022-09-01T12:33:07 IST" skipped="0">
  <testcase classname="Test.Execution" name="getReleaseDateandCountryName" time="14.950"/>
  <system-out/>
</testsuite> <!-- Test.Execution -->
